# JRE version: OpenJDK Runtime Environment (8.0_152-b01) (build 1.8.0_152-release-915-b01)
# Java VM: OpenJDK 64-Bit Server VM (25.152-b01 mixed mode windows-amd64 compressed oops)
Heap:
 PSYoungGen      total 444416K, used 47071K [0x00000000e0000000, 0x0000000100000000, 0x0000000100000000)
  eden space 374272K, 12% used [0x00000000e0000000,0x00000000e2be5f60,0x00000000f6d80000)
  from space 70144K, 3% used [0x00000000f6d80000,0x00000000f6f91fd8,0x00000000fb200000)
  to   space 70144K, 0% used [0x00000000fbb80000,0x00000000fbb80000,0x0000000100000000)
 ParOldGen       total 310272K, used 178575K [0x00000000a0000000, 0x00000000b2f00000, 0x00000000e0000000)
  object space 310272K, 57% used [0x00000000a0000000,0x00000000aae63d08,0x00000000b2f00000)
 Metaspace       used 88836K, capacity 93502K, committed 93784K, reserved 1130496K
  class space    used 11209K, capacity 12321K, committed 12416K, reserved 1048576K
GC Heap History (10 events):
Event: 666.585 GC heap before
{Heap before GC invocations=32 (full 4):
 PSYoungGen      total 478208K, used 438256K [0x00000000e0000000, 0x0000000100000000, 0x0000000100000000)
  eden space 436224K, 100% used [0x00000000e0000000,0x00000000faa00000,0x00000000faa00000)
  from space 41984K, 4% used [0x00000000faa00000,0x00000000fabfc030,0x00000000fd300000)
  to   space 43008K, 0% used [0x00000000fd600000,0x00000000fd600000,0x0000000100000000)
 ParOldGen       total 200704K, used 136634K [0x00000000a0000000, 0x00000000ac400000, 0x00000000e0000000)
  object space 200704K, 68% used [0x00000000a0000000,0x00000000a856ea90,0x00000000ac400000)
 Metaspace       used 86009K, capacity 90496K, committed 90712K, reserved 1128448K
  class space    used 10813K, capacity 11883K, committed 11904K, reserved 1048576K
Event: 666.676 GC heap after
Heap after GC invocations=32 (full 4):
 PSYoungGen      total 415744K, used 42982K [0x00000000e0000000, 0x0000000100000000, 0x0000000100000000)
  eden space 372736K, 0% used [0x00000000e0000000,0x00000000e0000000,0x00000000f6c00000)
  from space 43008K, 99% used [0x00000000fd600000,0x00000000ffff9b78,0x0000000100000000)
  to   space 75776K, 0% used [0x00000000f6c00000,0x00000000f6c00000,0x00000000fb600000)
 ParOldGen       total 207360K, used 206925K [0x00000000a0000000, 0x00000000aca80000, 0x00000000e0000000)
  object space 207360K, 99% used [0x00000000a0000000,0x00000000aca134a8,0x00000000aca80000)
 Metaspace       used 86009K, capacity 90496K, committed 90712K, reserved 1128448K
  class space    used 10813K, capacity 11883K, committed 11904K, reserved 1048576K
}
Event: 666.676 GC heap before
{Heap before GC invocations=33 (full 5):
 PSYoungGen      total 415744K, used 42982K [0x00000000e0000000, 0x0000000100000000, 0x0000000100000000)
  eden space 372736K, 0% used [0x00000000e0000000,0x00000000e0000000,0x00000000f6c00000)
  from space 43008K, 99% used [0x00000000fd600000,0x00000000ffff9b78,0x0000000100000000)
  to   space 75776K, 0% used [0x00000000f6c00000,0x00000000f6c00000,0x00000000fb600000)
 ParOldGen       total 207360K, used 206925K [0x00000000a0000000, 0x00000000aca80000, 0x00000000e0000000)
  object space 207360K, 99% used [0x00000000a0000000,0x00000000aca134a8,0x00000000aca80000)
 Metaspace       used 86009K, capacity 90496K, committed 90712K, reserved 1128448K
  class space    used 10813K, capacity 11883K, committed 11904K, reserved 1048576K
Event: 667.447 GC heap after
Heap after GC invocations=33 (full 5):
 PSYoungGen      total 415744K, used 0K [0x00000000e0000000, 0x0000000100000000, 0x0000000100000000)
  eden space 372736K, 0% used [0x00000000e0000000,0x00000000e0000000,0x00000000f6c00000)
  from space 43008K, 0% used [0x00000000fd600000,0x00000000fd600000,0x0000000100000000)
  to   space 75776K, 0% used [0x00000000f6c00000,0x00000000f6c00000,0x00000000fb600000)
 ParOldGen       total 310272K, used 176566K [0x00000000a0000000, 0x00000000b2f00000, 0x00000000e0000000)
  object space 310272K, 56% used [0x00000000a0000000,0x00000000aac6dad8,0x00000000b2f00000)
 Metaspace       used 85944K, capacity 90386K, committed 90712K, reserved 1128448K
  class space    used 10803K, capacity 11867K, committed 11904K, reserved 1048576K
}
Event: 672.734 GC heap before
{Heap before GC invocations=34 (full 5):
 PSYoungGen      total 415744K, used 372674K [0x00000000e0000000, 0x0000000100000000, 0x0000000100000000)
  eden space 372736K, 99% used [0x00000000e0000000,0x00000000f6bf0aa8,0x00000000f6c00000)
  from space 43008K, 0% used [0x00000000fd600000,0x00000000fd600000,0x0000000100000000)
  to   space 75776K, 0% used [0x00000000f6c00000,0x00000000f6c00000,0x00000000fb600000)
 ParOldGen       total 310272K, used 176566K [0x00000000a0000000, 0x00000000b2f00000, 0x00000000e0000000)
  object space 310272K, 56% used [0x00000000a0000000,0x00000000aac6dad8,0x00000000b2f00000)
 Metaspace       used 87877K, capacity 92326K, committed 92504K, reserved 1130496K
  class space    used 11087K, capacity 12143K, committed 12160K, reserved 1048576K
Event: 672.745 GC heap after
Heap after GC invocations=34 (full 5):
 PSYoungGen      total 448512K, used 9765K [0x00000000e0000000, 0x0000000100000000, 0x0000000100000000)
  eden space 372736K, 0% used [0x00000000e0000000,0x00000000e0000000,0x00000000f6c00000)
  from space 75776K, 12% used [0x00000000f6c00000,0x00000000f7589448,0x00000000fb600000)
  to   space 74240K, 0% used [0x00000000fb780000,0x00000000fb780000,0x0000000100000000)
 ParOldGen       total 310272K, used 176574K [0x00000000a0000000, 0x00000000b2f00000, 0x00000000e0000000)
  object space 310272K, 56% used [0x00000000a0000000,0x00000000aac6fad8,0x00000000b2f00000)
 Metaspace       used 87877K, capacity 92326K, committed 92504K, reserved 1130496K
  class space    used 11087K, capacity 12143K, committed 12160K, reserved 1048576K
}
Event: 676.219 GC heap before
{Heap before GC invocations=35 (full 5):
 PSYoungGen      total 448512K, used 382113K [0x00000000e0000000, 0x0000000100000000, 0x0000000100000000)
  eden space 372736K, 99% used [0x00000000e0000000,0x00000000f6b9f298,0x00000000f6c00000)
  from space 75776K, 12% used [0x00000000f6c00000,0x00000000f7589448,0x00000000fb600000)
  to   space 74240K, 0% used [0x00000000fb780000,0x00000000fb780000,0x0000000100000000)
 ParOldGen       total 310272K, used 176574K [0x00000000a0000000, 0x00000000b2f00000, 0x00000000e0000000)
  object space 310272K, 56% used [0x00000000a0000000,0x00000000aac6fad8,0x00000000b2f00000)
 Metaspace       used 87994K, capacity 92470K, committed 92760K, reserved 1130496K
  class space    used 11089K, capacity 12145K, committed 12160K, reserved 1048576K
Event: 676.244 GC heap after
Heap after GC invocations=35 (full 5):
 PSYoungGen      total 438784K, used 20788K [0x00000000e0000000, 0x00000000ff680000, 0x0000000100000000)
  eden space 374272K, 0% used [0x00000000e0000000,0x00000000e0000000,0x00000000f6d80000)
  from space 64512K, 32% used [0x00000000fb780000,0x00000000fcbcd0a8,0x00000000ff680000)
  to   space 70144K, 0% used [0x00000000f6d80000,0x00000000f6d80000,0x00000000fb200000)
 ParOldGen       total 310272K, used 178567K [0x00000000a0000000, 0x00000000b2f00000, 0x00000000e0000000)
  object space 310272K, 57% used [0x00000000a0000000,0x00000000aae61d08,0x00000000b2f00000)
 Metaspace       used 87994K, capacity 92470K, committed 92760K, reserved 1130496K
  class space    used 11089K, capacity 12145K, committed 12160K, reserved 1048576K
}
Event: 2542.273 GC heap before
{Heap before GC invocations=36 (full 5):
 PSYoungGen      total 438784K, used 395060K [0x00000000e0000000, 0x00000000ff680000, 0x0000000100000000)
  eden space 374272K, 100% used [0x00000000e0000000,0x00000000f6d80000,0x00000000f6d80000)
  from space 64512K, 32% used [0x00000000fb780000,0x00000000fcbcd0a8,0x00000000ff680000)
  to   space 70144K, 0% used [0x00000000f6d80000,0x00000000f6d80000,0x00000000fb200000)
 ParOldGen       total 310272K, used 178567K [0x00000000a0000000, 0x00000000b2f00000, 0x00000000e0000000)
  object space 310272K, 57% used [0x00000000a0000000,0x00000000aae61d08,0x00000000b2f00000)
 Metaspace       used 88796K, capacity 93502K, committed 93784K, reserved 1130496K
  class space    used 11209K, capacity 12321K, committed 12416K, reserved 1048576K
Event: 2542.278 GC heap after
Heap after GC invocations=36 (full 5):
 PSYoungGen      total 444416K, used 2119K [0x00000000e0000000, 0x0000000100000000, 0x0000000100000000)
  eden space 374272K, 0% used [0x00000000e0000000,0x00000000e0000000,0x00000000f6d80000)
  from space 70144K, 3% used [0x00000000f6d80000,0x00000000f6f91fd8,0x00000000fb200000)
  to   space 70144K, 0% used [0x00000000fbb80000,0x00000000fbb80000,0x0000000100000000)
 ParOldGen       total 310272K, used 178575K [0x00000000a0000000, 0x00000000b2f00000, 0x00000000e0000000)
  object space 310272K, 57% used [0x00000000a0000000,0x00000000aae63d08,0x00000000b2f00000)
 Metaspace       used 88796K, capacity 93502K, committed 93784K, reserved 1130496K
  class space    used 11209K, capacity 12321K, committed 12416K, reserved 1048576K
}

